<?xml version="1.0" encoding="UTF-8"?>
<testng-results ignored="0" total="1" passed="1" failed="0" skipped="0">
  <reporter-output>
  </reporter-output>
  <suite started-at="2025-09-24T11:35:22 IST" name="Default Suite" finished-at="2025-09-24T11:35:23 IST" duration-ms="91">
    <groups>
    </groups>
    <test started-at="2025-09-24T11:35:22 IST" name="seleniumwebdriver" finished-at="2025-09-24T11:35:23 IST" duration-ms="91">
      <class name="FirstTest">
        <test-method signature="testHello()[pri:0, instance:FirstTest@5e0826e7]" started-at="2025-09-24T11:35:23 IST" name="testHello" finished-at="2025-09-24T11:35:23 IST" duration-ms="13" status="PASS">
          <reporter-output>
          </reporter-output>
        </test-method> <!-- testHello -->
      </class> <!-- FirstTest -->
    </test> <!-- seleniumwebdriver -->
  </suite> <!-- Default Suite -->
</testng-results>
